<?xml version="1.0" encoding="UTF-8"?>
<testng-results ignored="0" total="2" passed="2" failed="0" skipped="0">
  <reporter-output>
  </reporter-output>
  <suite started-at="2024-12-16T14:55:08 IST" name="Default suite" finished-at="2024-12-16T14:55:29 IST" duration-ms="21342">
    <groups>
    </groups>
    <test started-at="2024-12-16T14:55:08 IST" name="Default test" finished-at="2024-12-16T14:55:29 IST" duration-ms="21342">
      <class name="fisUIExcercise.FISUIExcercise">
        <test-method is-config="true" signature="setUp()[pri:0, instance:fisUIExcercise.FISUIExcercise@49ec71f8]" started-at="2024-12-16T14:55:08 IST" name="setUp" finished-at="2024-12-16T14:55:14 IST" duration-ms="5874" status="PASS">
          <reporter-output>
          </reporter-output>
        </test-method> <!-- setUp -->
        <test-method signature="eBayTest()[pri:0, instance:fisUIExcercise.FISUIExcercise@49ec71f8]" started-at="2024-12-16T14:55:14 IST" name="eBayTest" finished-at="2024-12-16T14:55:23 IST" duration-ms="9447" status="PASS">
          <reporter-output>
          </reporter-output>
        </test-method> <!-- eBayTest -->
        <test-method signature="subWindowTest()[pri:0, instance:fisUIExcercise.FISUIExcercise@49ec71f8]" started-at="2024-12-16T14:55:23 IST" name="subWindowTest" finished-at="2024-12-16T14:55:28 IST" depends-on-methods="fisUIExcercise.FISUIExcercise.eBayTest" duration-ms="5214" status="PASS">
          <reporter-output>
          </reporter-output>
        </test-method> <!-- subWindowTest -->
        <test-method is-config="true" signature="tearDown()[pri:0, instance:fisUIExcercise.FISUIExcercise@49ec71f8]" started-at="2024-12-16T14:55:28 IST" name="tearDown" finished-at="2024-12-16T14:55:29 IST" duration-ms="761" status="PASS">
          <reporter-output>
          </reporter-output>
        </test-method> <!-- tearDown -->
      </class> <!-- fisUIExcercise.FISUIExcercise -->
    </test> <!-- Default test -->
  </suite> <!-- Default suite -->
</testng-results>
